<?xml version="1.0" encoding="UTF-8"?>
<testsuite xmlns:xsi="http://www.w3.org/2001/XMLSchema-instance" xsi:noNamespaceSchemaLocation="https://maven.apache.org/surefire/maven-surefire-plugin/xsd/surefire-test-report.xsd" name="com.meyasy.activity.AppTest" time="0.058" tests="1" errors="0" skipped="0" failures="0">
  <properties>
    <property name="sun.desktop" value="windows"/>
    <property name="awt.toolkit" value="sun.awt.windows.WToolkit"/>
    <property name="file.encoding.pkg" value="sun.io"/>
    <property name="java.specification.version" value="1.8"/>
    <property name="sun.cpu.isalist" value="pentium_pro+mmx pentium_pro pentium+mmx pentium i486 i386 i86"/>
    <property name="sun.jnu.encoding" value="GBK"/>
    <property name="java.class.path" value="E:\yasyasy\lottery\lottery-activity-service\lottery-activity-api\target\test-classes;E:\yasyasy\lottery\lottery-activity-service\lottery-activity-api\target\classes;E:\maven\repository\junit\junit\4.11\junit-4.11.jar;E:\maven\repository\org\hamcrest\hamcrest-core\1.3\hamcrest-core-1.3.jar;"/>
    <property name="java.vm.vendor" value="Oracle Corporation"/>
    <property name="sun.arch.data.model" value="32"/>
    <property name="user.variant" value=""/>
    <property name="java.vendor.url" value="http://java.oracle.com/"/>
    <property name="user.timezone" value=""/>
    <property name="java.vm.specification.version" value="1.8"/>
    <property name="os.name" value="Windows 7"/>
    <property name="user.country" value="CN"/>
    <property name="sun.java.launcher" value="SUN_STANDARD"/>
    <property name="sun.boot.library.path" value="E:\Program Files (x86)\Java\jdk1.8.0_144\jre\bin"/>
    <property name="sun.java.command" value="C:\Users\ADMINI~1\AppData\Local\Temp\surefire5350004486841228380\surefirebooter9098517086798931097.jar C:\Users\Administrator\AppData\Local\Temp\surefire5350004486841228380 2018-11-15T21-29-23_043-jvmRun1 surefire5004869149796169973tmp surefire_04639068709762059865tmp"/>
    <property name="surefire.test.class.path" value="E:\yasyasy\lottery\lottery-activity-service\lottery-activity-api\target\test-classes;E:\yasyasy\lottery\lottery-activity-service\lottery-activity-api\target\classes;E:\maven\repository\junit\junit\4.11\junit-4.11.jar;E:\maven\repository\org\hamcrest\hamcrest-core\1.3\hamcrest-core-1.3.jar;"/>
    <property name="sun.cpu.endian" value="little"/>
    <property name="user.home" value="C:\Users\Administrator"/>
    <property name="user.language" value="zh"/>
    <property name="java.specification.vendor" value="Oracle Corporation"/>
    <property name="java.home" value="E:\Program Files (x86)\Java\jdk1.8.0_144\jre"/>
    <property name="basedir" value="E:\yasyasy\lottery\lottery-activity-service\lottery-activity-api"/>
    <property name="file.separator" value="\"/>
    <property name="line.separator" value="&#10;"/>
    <property name="java.vm.specification.vendor" value="Oracle Corporation"/>
    <property name="java.specification.name" value="Java Platform API Specification"/>
    <property name="java.awt.graphicsenv" value="sun.awt.Win32GraphicsEnvironment"/>
    <property name="surefire.real.class.path" value="C:\Users\ADMINI~1\AppData\Local\Temp\surefire5350004486841228380\surefirebooter9098517086798931097.jar"/>
    <property name="sun.boot.class.path" value="E:\Program Files (x86)\Java\jdk1.8.0_144\jre\lib\resources.jar;E:\Program Files (x86)\Java\jdk1.8.0_144\jre\lib\rt.jar;E:\Program Files (x86)\Java\jdk1.8.0_144\jre\lib\sunrsasign.jar;E:\Program Files (x86)\Java\jdk1.8.0_144\jre\lib\jsse.jar;E:\Program Files (x86)\Java\jdk1.8.0_144\jre\lib\jce.jar;E:\Program Files (x86)\Java\jdk1.8.0_144\jre\lib\charsets.jar;E:\Program Files (x86)\Java\jdk1.8.0_144\jre\lib\jfr.jar;E:\Program Files (x86)\Java\jdk1.8.0_144\jre\classes"/>
    <property name="user.script" value=""/>
    <property name="sun.management.compiler" value="HotSpot Client Compiler"/>
    <property name="java.runtime.version" value="1.8.0_144-b01"/>
    <property name="user.name" value="Administrator"/>
    <property name="path.separator" value=";"/>
    <property name="os.version" value="6.1"/>
    <property name="java.endorsed.dirs" value="E:\Program Files (x86)\Java\jdk1.8.0_144\jre\lib\endorsed"/>
    <property name="java.runtime.name" value="Java(TM) SE Runtime Environment"/>
    <property name="file.encoding" value="GBK"/>
    <property name="java.vm.name" value="Java HotSpot(TM) Client VM"/>
    <property name="localRepository" value="E:\maven\repository"/>
    <property name="java.vendor.url.bug" value="http://bugreport.sun.com/bugreport/"/>
    <property name="java.io.tmpdir" value="C:\Users\ADMINI~1\AppData\Local\Temp\"/>
    <property name="idea.version" value="2017.3.4"/>
    <property name="java.version" value="1.8.0_144"/>
    <property name="user.dir" value="E:\yasyasy\lottery\lottery-activity-service\lottery-activity-api"/>
    <property name="os.arch" value="x86"/>
    <property name="java.vm.specification.name" value="Java Virtual Machine Specification"/>
    <property name="java.awt.printerjob" value="sun.awt.windows.WPrinterJob"/>
    <property name="sun.os.patch.level" value="Service Pack 1"/>
    <property name="java.library.path" value="E:\Program Files (x86)\Java\jdk1.8.0_144\jre\bin;C:\windows\Sun\Java\bin;C:\windows\system32;C:\windows;E:\apache-maven-3.5.4\bin;e:\app\Administrator\product\11.2.0\client_1\bin;e:\app\Administrator\product\11.2.0\dbhome_1\bin;E:\MongoDB\Server\4.0\bin;E:\gradle-4.6\bin;D:\Program Files\VanDyke Software\Clients\;C:\Program Files\Python35\Scripts\;C:\Program Files\Python35\;C:\ProgramData\Oracle\Java\javapath;C:\windows\system32;C:\windows;C:\windows\System32\Wbem;C:\windows\System32\WindowsPowerShell\v1.0\;C:\Program Files (x86)\Lenovo\Access Connections\;e:\Program Files\Git\cmd;C:\Program Files (x86)\MySQL\MySQL Server 5.5\binC:\Program Files\Java\jdk1.8.0_161\bin;C:\Program Files\Java\jdk1.8.0_161\jre\bin;E:\Program Files\TortoiseGit\bin;."/>
    <property name="java.vm.info" value="mixed mode"/>
    <property name="java.vendor" value="Oracle Corporation"/>
    <property name="java.vm.version" value="25.144-b01"/>
    <property name="java.ext.dirs" value="E:\Program Files (x86)\Java\jdk1.8.0_144\jre\lib\ext;C:\windows\Sun\Java\lib\ext"/>
    <property name="sun.io.unicode.encoding" value="UnicodeLittle"/>
    <property name="java.class.version" value="52.0"/>
  </properties>
  <testcase name="shouldAnswerWithTrue" classname="com.meyasy.activity.AppTest" time="0.003"/>
</testsuite>